{"message":"can't find crate for `json_derive`","code":{"code":"E0463","explanation":"A plugin/crate was declared but cannot be found.\n\nErroneous code example:\n\n```compile_fail,E0463\n#![feature(plugin)]\n#![plugin(cookie_monster)] // error: can't find crate for `cookie_monster`\nextern crate cake_is_a_lie; // error: can't find crate for `cake_is_a_lie`\n```\n\nYou need to link your code to the relevant crate in order to be able to use it\n(through Cargo or the `-L` option of rustc example). Plugins are crates as\nwell, and you link to them the same way.\n\n## Common causes\n\n- The crate is not present at all. If using Cargo, add it to `[dependencies]`\n  in Cargo.toml.\n- The crate is present, but under a different name. If using Cargo, look for\n  `package = ` under `[dependencies]` in Cargo.toml.\n\n## Common causes for missing `std` or `core`\n\n- You are cross-compiling for a target which doesn't have `std` prepackaged.\n  Consider one of the following:\n  + Adding a pre-compiled version of std with `rustup target add`\n  + Building std from source with `cargo build -Z build-std`\n  + Using `#![no_std]` at the crate root, so you won't need `std` in the first\n    place.\n- You are developing the compiler itself and haven't built libstd from source.\n  You can usually build it with `x.py build library/std`. More information\n  about x.py is available in the [rustc-dev-guide].\n\n[rustc-dev-guide]: https://rustc-dev-guide.rust-lang.org/building/how-to-build-and-run.html#building-the-compiler\n"},"level":"error","spans":[{"file_name":"src/main.rs","byte_start":47,"byte_end":72,"line_start":2,"line_end":2,"column_start":14,"column_end":39,"is_primary":true,"text":[{"text":"#[macro_use] extern crate json_derive;","highlight_start":14,"highlight_end":39}],"label":"can't find crate","suggested_replacement":null,"suggestion_applicability":null,"expansion":null}],"children":[],"rendered":"\u001b[0m\u001b[1m\u001b[38;5;9merror[E0463]\u001b[0m\u001b[0m\u001b[1m: can't find crate for `json_derive`\u001b[0m\n\u001b[0m \u001b[0m\u001b[0m\u001b[1m\u001b[38;5;12m--> \u001b[0m\u001b[0msrc/main.rs:2:14\u001b[0m\n\u001b[0m  \u001b[0m\u001b[0m\u001b[1m\u001b[38;5;12m|\u001b[0m\n\u001b[0m\u001b[1m\u001b[38;5;12m2\u001b[0m\u001b[0m \u001b[0m\u001b[0m\u001b[1m\u001b[38;5;12m| \u001b[0m\u001b[0m#[macro_use] extern crate json_derive;\u001b[0m\n\u001b[0m  \u001b[0m\u001b[0m\u001b[1m\u001b[38;5;12m| \u001b[0m\u001b[0m             \u001b[0m\u001b[0m\u001b[1m\u001b[38;5;9m^^^^^^^^^^^^^^^^^^^^^^^^^\u001b[0m\u001b[0m \u001b[0m\u001b[0m\u001b[1m\u001b[38;5;9mcan't find crate\u001b[0m\n\n"}
{"message":"can't find crate for `json_serde`","code":{"code":"E0463","explanation":"A plugin/crate was declared but cannot be found.\n\nErroneous code example:\n\n```compile_fail,E0463\n#![feature(plugin)]\n#![plugin(cookie_monster)] // error: can't find crate for `cookie_monster`\nextern crate cake_is_a_lie; // error: can't find crate for `cake_is_a_lie`\n```\n\nYou need to link your code to the relevant crate in order to be able to use it\n(through Cargo or the `-L` option of rustc example). Plugins are crates as\nwell, and you link to them the same way.\n\n## Common causes\n\n- The crate is not present at all. If using Cargo, add it to `[dependencies]`\n  in Cargo.toml.\n- The crate is present, but under a different name. If using Cargo, look for\n  `package = ` under `[dependencies]` in Cargo.toml.\n\n## Common causes for missing `std` or `core`\n\n- You are cross-compiling for a target which doesn't have `std` prepackaged.\n  Consider one of the following:\n  + Adding a pre-compiled version of std with `rustup target add`\n  + Building std from source with `cargo build -Z build-std`\n  + Using `#![no_std]` at the crate root, so you won't need `std` in the first\n    place.\n- You are developing the compiler itself and haven't built libstd from source.\n  You can usually build it with `x.py build library/std`. More information\n  about x.py is available in the [rustc-dev-guide].\n\n[rustc-dev-guide]: https://rustc-dev-guide.rust-lang.org/building/how-to-build-and-run.html#building-the-compiler\n"},"level":"error","spans":[{"file_name":"src/main.rs","byte_start":93,"byte_end":117,"line_start":4,"line_end":4,"column_start":1,"column_end":25,"is_primary":true,"text":[{"text":"extern crate json_serde;","highlight_start":1,"highlight_end":25}],"label":"can't find crate","suggested_replacement":null,"suggestion_applicability":null,"expansion":null}],"children":[],"rendered":"\u001b[0m\u001b[1m\u001b[38;5;9merror[E0463]\u001b[0m\u001b[0m\u001b[1m: can't find crate for `json_serde`\u001b[0m\n\u001b[0m \u001b[0m\u001b[0m\u001b[1m\u001b[38;5;12m--> \u001b[0m\u001b[0msrc/main.rs:4:1\u001b[0m\n\u001b[0m  \u001b[0m\u001b[0m\u001b[1m\u001b[38;5;12m|\u001b[0m\n\u001b[0m\u001b[1m\u001b[38;5;12m4\u001b[0m\u001b[0m \u001b[0m\u001b[0m\u001b[1m\u001b[38;5;12m| \u001b[0m\u001b[0mextern crate json_serde;\u001b[0m\n\u001b[0m  \u001b[0m\u001b[0m\u001b[1m\u001b[38;5;12m| \u001b[0m\u001b[0m\u001b[1m\u001b[38;5;9m^^^^^^^^^^^^^^^^^^^^^^^^\u001b[0m\u001b[0m \u001b[0m\u001b[0m\u001b[1m\u001b[38;5;9mcan't find crate\u001b[0m\n\n"}
{"message":"cannot find derive macro `Serialize` in this scope","code":null,"level":"error","spans":[{"file_name":"src/main.rs","byte_start":233,"byte_end":242,"line_start":10,"line_end":10,"column_start":10,"column_end":19,"is_primary":true,"text":[{"text":"#[derive(Serialize, Deserialize)]","highlight_start":10,"highlight_end":19}],"label":null,"suggested_replacement":null,"suggestion_applicability":null,"expansion":null}],"children":[{"message":"consider importing one of these items:\nrocket::serde::Serialize\nserde::Serialize","code":null,"level":"note","spans":[],"children":[],"rendered":null}],"rendered":"\u001b[0m\u001b[1m\u001b[38;5;9merror\u001b[0m\u001b[0m\u001b[1m: cannot find derive macro `Serialize` in this scope\u001b[0m\n\u001b[0m  \u001b[0m\u001b[0m\u001b[1m\u001b[38;5;12m--> \u001b[0m\u001b[0msrc/main.rs:10:10\u001b[0m\n\u001b[0m   \u001b[0m\u001b[0m\u001b[1m\u001b[38;5;12m|\u001b[0m\n\u001b[0m\u001b[1m\u001b[38;5;12m10\u001b[0m\u001b[0m \u001b[0m\u001b[0m\u001b[1m\u001b[38;5;12m| \u001b[0m\u001b[0m#[derive(Serialize, Deserialize)]\u001b[0m\n\u001b[0m   \u001b[0m\u001b[0m\u001b[1m\u001b[38;5;12m| \u001b[0m\u001b[0m         \u001b[0m\u001b[0m\u001b[1m\u001b[38;5;9m^^^^^^^^^\u001b[0m\n\u001b[0m   \u001b[0m\u001b[0m\u001b[1m\u001b[38;5;12m|\u001b[0m\n\u001b[0m   \u001b[0m\u001b[0m\u001b[1m\u001b[38;5;12m= \u001b[0m\u001b[0m\u001b[1mnote\u001b[0m\u001b[0m: consider importing one of these items:\u001b[0m\n\u001b[0m           rocket::serde::Serialize\u001b[0m\n\u001b[0m           serde::Serialize\u001b[0m\n\n"}
{"message":"cannot find derive macro `Deserialize` in this scope","code":null,"level":"error","spans":[{"file_name":"src/main.rs","byte_start":244,"byte_end":255,"line_start":10,"line_end":10,"column_start":21,"column_end":32,"is_primary":true,"text":[{"text":"#[derive(Serialize, Deserialize)]","highlight_start":21,"highlight_end":32}],"label":null,"suggested_replacement":null,"suggestion_applicability":null,"expansion":null}],"children":[{"message":"consider importing one of these items:\nrocket::serde::Deserialize\nserde::Deserialize","code":null,"level":"note","spans":[],"children":[],"rendered":null}],"rendered":"\u001b[0m\u001b[1m\u001b[38;5;9merror\u001b[0m\u001b[0m\u001b[1m: cannot find derive macro `Deserialize` in this scope\u001b[0m\n\u001b[0m  \u001b[0m\u001b[0m\u001b[1m\u001b[38;5;12m--> \u001b[0m\u001b[0msrc/main.rs:10:21\u001b[0m\n\u001b[0m   \u001b[0m\u001b[0m\u001b[1m\u001b[38;5;12m|\u001b[0m\n\u001b[0m\u001b[1m\u001b[38;5;12m10\u001b[0m\u001b[0m \u001b[0m\u001b[0m\u001b[1m\u001b[38;5;12m| \u001b[0m\u001b[0m#[derive(Serialize, Deserialize)]\u001b[0m\n\u001b[0m   \u001b[0m\u001b[0m\u001b[1m\u001b[38;5;12m| \u001b[0m\u001b[0m                    \u001b[0m\u001b[0m\u001b[1m\u001b[38;5;9m^^^^^^^^^^^\u001b[0m\n\u001b[0m   \u001b[0m\u001b[0m\u001b[1m\u001b[38;5;12m|\u001b[0m\n\u001b[0m   \u001b[0m\u001b[0m\u001b[1m\u001b[38;5;12m= \u001b[0m\u001b[0m\u001b[1mnote\u001b[0m\u001b[0m: consider importing one of these items:\u001b[0m\n\u001b[0m           rocket::serde::Deserialize\u001b[0m\n\u001b[0m           serde::Deserialize\u001b[0m\n\n"}
{"message":"failed to resolve: use of undeclared crate or module `serde_json`","code":{"code":"E0433","explanation":"An undeclared crate, module, or type was used.\n\nErroneous code example:\n\n```compile_fail,E0433\nlet map = HashMap::new();\n// error: failed to resolve: use of undeclared type `HashMap`\n```\n\nPlease verify you didn't misspell the type/module's name or that you didn't\nforget to import it:\n\n```\nuse std::collections::HashMap; // HashMap has been imported.\nlet map: HashMap<u32, u32> = HashMap::new(); // So it can be used!\n```\n\nIf you've expected to use a crate name:\n\n```compile_fail\nuse ferris_wheel::BigO;\n// error: failed to resolve: use of undeclared crate or module `ferris_wheel`\n```\n\nMake sure the crate has been added as a dependency in `Cargo.toml`.\n\nTo use a module from your current crate, add the `crate::` prefix to the path.\n"},"level":"error","spans":[{"file_name":"src/main.rs","byte_start":529,"byte_end":539,"line_start":23,"line_end":23,"column_start":20,"column_end":30,"is_primary":true,"text":[{"text":"    let foo: Foo = serde_json::from_str(&buff).unwrap().to_string();","highlight_start":20,"highlight_end":30}],"label":"use of undeclared crate or module `serde_json`","suggested_replacement":null,"suggestion_applicability":null,"expansion":null}],"children":[{"message":"there is a crate or module with a similar name","code":null,"level":"help","spans":[{"file_name":"src/main.rs","byte_start":529,"byte_end":539,"line_start":23,"line_end":23,"column_start":20,"column_end":30,"is_primary":true,"text":[{"text":"    let foo: Foo = serde_json::from_str(&buff).unwrap().to_string();","highlight_start":20,"highlight_end":30}],"label":null,"suggested_replacement":"json_serde","suggestion_applicability":"MaybeIncorrect","expansion":null}],"children":[],"rendered":null}],"rendered":"\u001b[0m\u001b[1m\u001b[38;5;9merror[E0433]\u001b[0m\u001b[0m\u001b[1m: failed to resolve: use of undeclared crate or module `serde_json`\u001b[0m\n\u001b[0m  \u001b[0m\u001b[0m\u001b[1m\u001b[38;5;12m--> \u001b[0m\u001b[0msrc/main.rs:23:20\u001b[0m\n\u001b[0m   \u001b[0m\u001b[0m\u001b[1m\u001b[38;5;12m|\u001b[0m\n\u001b[0m\u001b[1m\u001b[38;5;12m23\u001b[0m\u001b[0m \u001b[0m\u001b[0m\u001b[1m\u001b[38;5;12m| \u001b[0m\u001b[0m    let foo: Foo = serde_json::from_str(&buff).unwrap().to_string();\u001b[0m\n\u001b[0m   \u001b[0m\u001b[0m\u001b[1m\u001b[38;5;12m| \u001b[0m\u001b[0m                   \u001b[0m\u001b[0m\u001b[1m\u001b[38;5;9m^^^^^^^^^^\u001b[0m\u001b[0m \u001b[0m\u001b[0m\u001b[1m\u001b[38;5;9muse of undeclared crate or module `serde_json`\u001b[0m\n\u001b[0m   \u001b[0m\u001b[0m\u001b[1m\u001b[38;5;12m|\u001b[0m\n\u001b[0m\u001b[1m\u001b[38;5;14mhelp\u001b[0m\u001b[0m: there is a crate or module with a similar name\u001b[0m\n\u001b[0m   \u001b[0m\u001b[0m\u001b[1m\u001b[38;5;12m|\u001b[0m\n\u001b[0m\u001b[1m\u001b[38;5;12m23\u001b[0m\u001b[0m \u001b[0m\u001b[0m\u001b[1m\u001b[38;5;12m| \u001b[0m\u001b[0m    let foo: Foo = \u001b[0m\u001b[0m\u001b[38;5;10mjson_serde\u001b[0m\u001b[0m::from_str(&buff).unwrap().to_string();\u001b[0m\n\u001b[0m   \u001b[0m\u001b[0m\u001b[1m\u001b[38;5;12m| \u001b[0m\u001b[0m                   \u001b[0m\u001b[0m\u001b[38;5;10m~~~~~~~~~~\u001b[0m\n\n"}
{"message":"mismatched types","code":{"code":"E0308","explanation":"Expected type did not match the received type.\n\nErroneous code examples:\n\n```compile_fail,E0308\nfn plus_one(x: i32) -> i32 {\n    x + 1\n}\n\nplus_one(\"Not a number\");\n//       ^^^^^^^^^^^^^^ expected `i32`, found `&str`\n\nif \"Not a bool\" {\n// ^^^^^^^^^^^^ expected `bool`, found `&str`\n}\n\nlet x: f32 = \"Not a float\";\n//     ---   ^^^^^^^^^^^^^ expected `f32`, found `&str`\n//     |\n//     expected due to this\n```\n\nThis error occurs when an expression was used in a place where the compiler\nexpected an expression of a different type. It can occur in several cases, the\nmost common being when calling a function and passing an argument which has a\ndifferent type than the matching type in the function declaration.\n"},"level":"error","spans":[{"file_name":"src/main.rs","byte_start":631,"byte_end":634,"line_start":24,"line_end":24,"column_start":53,"column_end":56,"is_primary":true,"text":[{"text":"    status::Custom(Status::ImATeapot, content::Json(foo))","highlight_start":53,"highlight_end":56}],"label":"expected `&str`, found struct `Foo`","suggested_replacement":null,"suggestion_applicability":null,"expansion":null}],"children":[],"rendered":"\u001b[0m\u001b[1m\u001b[38;5;9merror[E0308]\u001b[0m\u001b[0m\u001b[1m: mismatched types\u001b[0m\n\u001b[0m  \u001b[0m\u001b[0m\u001b[1m\u001b[38;5;12m--> \u001b[0m\u001b[0msrc/main.rs:24:53\u001b[0m\n\u001b[0m   \u001b[0m\u001b[0m\u001b[1m\u001b[38;5;12m|\u001b[0m\n\u001b[0m\u001b[1m\u001b[38;5;12m24\u001b[0m\u001b[0m \u001b[0m\u001b[0m\u001b[1m\u001b[38;5;12m| \u001b[0m\u001b[0m    status::Custom(Status::ImATeapot, content::Json(foo))\u001b[0m\n\u001b[0m   \u001b[0m\u001b[0m\u001b[1m\u001b[38;5;12m| \u001b[0m\u001b[0m                                                    \u001b[0m\u001b[0m\u001b[1m\u001b[38;5;9m^^^\u001b[0m\u001b[0m \u001b[0m\u001b[0m\u001b[1m\u001b[38;5;9mexpected `&str`, found struct `Foo`\u001b[0m\n\n"}
{"message":"aborting due to 6 previous errors","code":null,"level":"error","spans":[],"children":[],"rendered":"\u001b[0m\u001b[1m\u001b[38;5;9merror\u001b[0m\u001b[0m\u001b[1m: aborting due to 6 previous errors\u001b[0m\n\n"}
{"message":"Some errors have detailed explanations: E0308, E0433, E0463.","code":null,"level":"failure-note","spans":[],"children":[],"rendered":"\u001b[0m\u001b[1mSome errors have detailed explanations: E0308, E0433, E0463.\u001b[0m\n"}
{"message":"For more information about an error, try `rustc --explain E0308`.","code":null,"level":"failure-note","spans":[],"children":[],"rendered":"\u001b[0m\u001b[1mFor more information about an error, try `rustc --explain E0308`.\u001b[0m\n"}
